<?xml version='1.0'?>
<ns2:test-suite xmlns:ns2='urn:model.allure.qatools.yandex.ru' start='1744694102464' stop='1744694105173'>
    <name>API_Update the Users details API:</name>
    <title>API_Update the Users details API:</title>
    <test-cases>
        <test-case start='1744694102465' status='failed' stop='1744694103778'>
            <name>Update a user and validate response {"endpoint":"api/users/2","name":"MadhuM","job":"QA","statusCode":"200"}</name>
            <title>Update a user and validate response {"endpoint":"api/users/2","name":"MadhuM","job":"QA","statusCode":"200"}</title>
            <labels>
                <label name='language' value='javascript'/>
                <label name='framework' value='codeceptjs'/>
            </labels>
            <parameters/>
            <steps>
                <step start='1744694103000' status='passed' stop='1744694103132'>
                    <name>I resize window 1900, 1100</name>
                    <title>I resize window 1900, 1100</title>
                    <attachments/>
                    <steps/>
                </step>
                <step start='1744694103132' status='passed' stop='1744694103240'>
                    <name>I resize window 1900, 1100</name>
                    <title>I resize window 1900, 1100</title>
                    <attachments/>
                    <steps/>
                </step>
                <step start='1744694103241' status='failed' stop='1744694103778'>
                    <name>When I send a PUT request to "api/users/2" with name "MadhuM" and job "QA" ""</name>
                    <title>When I send a PUT request to "api/users/2" with name "MadhuM" and job "QA" ""</title>
                    <attachments/>
                    <steps>
                        <step start='1744694103241' status='failed' stop='1744694103777'>
                            <name>I send put request "api/users/2", {"name":"MadhuM","job":"QA"}</name>
                            <title>I send put request "api/users/2", {"name":"MadhuM","job":"QA"}</title>
                            <attachments/>
                            <steps/>
                        </step>
                    </steps>
                </step>
            </steps>
            <attachments>
                <attachment title='Main session - Last Seen Screenshot' source='b56747af-1252-46ed-b427-29f2d8120bce-attachment.png' type='image/png' size='8467'/>
            </attachments>
            <failure>
                <message>unable to get local issuer certificate</message>
                <stack-trace>Error: unable to get local issuer certificate
                    at Function.AxiosError.from (C:\Users\reddym1\Documents\TOOLS-G\PlaywrightTask\Codecept_Sacedemo_M2\node_modules\axios\lib\core\AxiosError.js:92:14)
                    at RedirectableRequest.handleRequestError (C:\Users\reddym1\Documents\TOOLS-G\PlaywrightTask\Codecept_Sacedemo_M2\node_modules\axios\lib\adapters\http.js:620:25)
                    at RedirectableRequest.emit (node:events:520:28)
                    at RedirectableRequest.emit (node:domain:488:12)
                    at ClientRequest.eventHandlers.&lt;computed> (C:\Users\reddym1\Documents\TOOLS-G\PlaywrightTask\Codecept_Sacedemo_M2\node_modules\follow-redirects\index.js:49:24)
                    at ClientRequest.emit (node:events:520:28)
                    at ClientRequest.emit (node:domain:488:12)
                    at emitErrorEvent (node:_http_client:103:11)
                    at TLSSocket.socketErrorListener (node:_http_client:506:5)
                    at TLSSocket.emit (node:events:520:28)
                    at Axios.request (C:\Users\reddym1\Documents\TOOLS-G\PlaywrightTask\Codecept_Sacedemo_M2\node_modules\axios\lib\core\Axios.js:45:41)
                    at processTicksAndRejections (node:internal/process/task_queues:95:5)
                    at async REST._executeRequest (C:\Users\reddym1\Documents\TOOLS-G\PlaywrightTask\Codecept_Sacedemo_M2\node_modules\codeceptjs\lib\helper\REST.js:229:18)
                    at async C:\Users\reddym1\Documents\TOOLS-G\PlaywrightTask\Codecept_Sacedemo_M2\tests\api\step_definitions\UserUpdate.steps.ts:12:22
                    at async runSteps (C:\Users\reddym1\Documents\TOOLS-G\PlaywrightTask\Codecept_Sacedemo_M2\node_modules\codeceptjs\lib\mocha\gherkin.js:85:9)</stack-trace>
            </failure>
        </test-case>
        <test-case start='1744694104048' status='failed' stop='1744694104877'>
            <name>Update a user and validate response {"endpoint":"api/users/5","name":"TestM","job":"scrumMaster","statusCode":"200"}</name>
            <title>Update a user and validate response {"endpoint":"api/users/5","name":"TestM","job":"scrumMaster","statusCode":"200"}</title>
            <labels>
                <label name='language' value='javascript'/>
                <label name='framework' value='codeceptjs'/>
            </labels>
            <parameters/>
            <steps>
                <step start='1744694104532' status='passed' stop='1744694104669'>
                    <name>I resize window 1900, 1100</name>
                    <title>I resize window 1900, 1100</title>
                    <attachments/>
                    <steps/>
                </step>
                <step start='1744694104669' status='passed' stop='1744694104783'>
                    <name>I resize window 1900, 1100</name>
                    <title>I resize window 1900, 1100</title>
                    <attachments/>
                    <steps/>
                </step>
                <step start='1744694104783' status='failed' stop='1744694104876'>
                    <name>When I send a PUT request to "api/users/5" with name "TestM" and job "scrumMaster" ""</name>
                    <title>When I send a PUT request to "api/users/5" with name "TestM" and job "scrumMaster" ""</title>
                    <attachments/>
                    <steps>
                        <step start='1744694104783' status='failed' stop='1744694104876'>
                            <name>I send put request "api/users/5", {"name":"TestM","job":"scrumMaster"}</name>
                            <title>I send put request "api/users/5", {"name":"TestM","job":"scrumMaster"}</title>
                            <attachments/>
                            <steps/>
                        </step>
                    </steps>
                </step>
            </steps>
            <attachments>
                <attachment title='Main session - Last Seen Screenshot' source='875c1008-c872-4df4-8e52-adcf7b4b82d8-attachment.png' type='image/png' size='8467'/>
            </attachments>
            <failure>
                <message>unable to get local issuer certificate</message>
                <stack-trace>Error: unable to get local issuer certificate
                    at Function.AxiosError.from (C:\Users\reddym1\Documents\TOOLS-G\PlaywrightTask\Codecept_Sacedemo_M2\node_modules\axios\lib\core\AxiosError.js:92:14)
                    at RedirectableRequest.handleRequestError (C:\Users\reddym1\Documents\TOOLS-G\PlaywrightTask\Codecept_Sacedemo_M2\node_modules\axios\lib\adapters\http.js:620:25)
                    at RedirectableRequest.emit (node:events:520:28)
                    at RedirectableRequest.emit (node:domain:488:12)
                    at ClientRequest.eventHandlers.&lt;computed> (C:\Users\reddym1\Documents\TOOLS-G\PlaywrightTask\Codecept_Sacedemo_M2\node_modules\follow-redirects\index.js:49:24)
                    at ClientRequest.emit (node:events:520:28)
                    at ClientRequest.emit (node:domain:488:12)
                    at emitErrorEvent (node:_http_client:103:11)
                    at TLSSocket.socketErrorListener (node:_http_client:506:5)
                    at TLSSocket.emit (node:events:520:28)
                    at Axios.request (C:\Users\reddym1\Documents\TOOLS-G\PlaywrightTask\Codecept_Sacedemo_M2\node_modules\axios\lib\core\Axios.js:45:41)
                    at processTicksAndRejections (node:internal/process/task_queues:95:5)
                    at async REST._executeRequest (C:\Users\reddym1\Documents\TOOLS-G\PlaywrightTask\Codecept_Sacedemo_M2\node_modules\codeceptjs\lib\helper\REST.js:229:18)
                    at async C:\Users\reddym1\Documents\TOOLS-G\PlaywrightTask\Codecept_Sacedemo_M2\tests\api\step_definitions\UserUpdate.steps.ts:12:22
                    at async runSteps (C:\Users\reddym1\Documents\TOOLS-G\PlaywrightTask\Codecept_Sacedemo_M2\node_modules\codeceptjs\lib\mocha\gherkin.js:85:9)</stack-trace>
            </failure>
        </test-case>
    </test-cases>
</ns2:test-suite>